<?xml version="1.0" encoding="UTF-8"?>
<testsuites name="Register Successful" time="3.731" tests="1" failures="0" errors="0">
   <testsuite name="Register Successful" tests="1" failures="0" errors="0" time="3.731" skipped="0" timestamp="2023-12-08 02:15:42" hostname="INTIKOM - DESKTOP-R1NH4Q4" id="Test Suites/Register Successful">
      <properties>
         <property name="deviceName" value=""/>
         <property name="devicePlatform" value=""/>
         <property name="logFolder" value="E:\\Users\\intikom\\Documents\\Karir Baru\\ESB\\Reports\\20231208_021540\\Register Successful\\20231208_021540"/>
         <property name="logFiles" value="E:\\Users\\intikom\\Documents\\Karir Baru\\ESB\\Reports\\20231208_021540\\Register Successful\\20231208_021540\\execution0.log"/>
         <property name="attachments" value=""/>
         <property name="hostName" value="INTIKOM - DESKTOP-R1NH4Q4"/>
         <property name="hostAddress" value="172.20.10.2"/>
         <property name="os" value="Windows 10 64bit"/>
         <property name="katalonVersion" value="8.6.5.208"/>
      </properties>
      <testcase name="Test Cases/Register Successful" time="3.309" classname="Test Cases/Register Successful" status="PASSED">
         <system-out><![CDATA[2023-12-08 02:15:43 - [TEST_CASE][PASSED] - Test Cases/Register Successful: Test Cases/Register Successful

2023-12-08 02:15:43 - [TEST_STEP][PASSED] - apiPost = findTestObject("Object Repository/Register Successful", ["email":email, "password":password]): null

2023-12-08 02:15:43 - [TEST_STEP][PASSED] - request = apiPost.getHttpBody(): null

2023-12-08 02:15:43 - [TEST_STEP][PASSED] - comment("Request Body" + request): Request Body{"email": "eve.holt@reqres.in", "password": "pistol"}

2023-12-08 02:15:44 - [MESSAGE][INFO] - Request Body{"email": "eve.holt@reqres.in", "password": "pistol"}

2023-12-08 02:15:44 - [TEST_STEP][PASSED] - response = sendRequest(apiPost): Send request successfully

2023-12-08 02:15:46 - [MESSAGE][INFO] - HAR: E:\Users\intikom\Documents\Karir Baru\ESB\Reports\20231208_021540\Register Successful\20231208_021540\requests\main\0.har

2023-12-08 02:15:46 - [MESSAGE][PASSED] - Send request successfully

2023-12-08 02:15:46 - [TEST_STEP][PASSED] - comment("Response Body:       " + response.getResponseText()): Response Body:       {"id":4,"token":"QpwL5tke4Pnpja7X4"}

2023-12-08 02:15:46 - [MESSAGE][INFO] - Response Body:       {"id":4,"token":"QpwL5tke4Pnpja7X4"}

2023-12-08 02:15:46 - [TEST_STEP][PASSED] - slurper = new groovy.json.JsonSlurper(): null

2023-12-08 02:15:46 - [TEST_STEP][PASSED] - parsedJson = slurper.parseText(response.getResponseText()): null

2023-12-08 02:15:46 - [TEST_STEP][PASSED] - statusCode = response.getStatusCode(): null

2023-12-08 02:15:46 - [TEST_STEP][PASSED] - token = token: null

2023-12-08 02:15:46 - [TEST_STEP][PASSED] - if (statusCode == 200): Token:	QpwL5tke4Pnpja7X4

2023-12-08 02:15:46 - [TEST_STEP][PASSED] - comment("Token:	" + token): Token:	QpwL5tke4Pnpja7X4

2023-12-08 02:15:46 - [MESSAGE][INFO] - Token:	QpwL5tke4Pnpja7X4]]></system-out>
         <system-err><![CDATA[]]></system-err>
      </testcase>
      <system-out><![CDATA[2023-12-08 02:15:42 - [TEST_SUITE][PASSED] - Register Successful: Test Cases/Register Successful]]></system-out>
      <system-err><![CDATA[]]></system-err>
   </testsuite>
</testsuites>
