<?xml version="1.0" encoding="UTF-8"?>
<testsuites name="Register Failed" time="3.787" tests="1" failures="0" errors="0">
   <testsuite name="Register Failed" tests="1" failures="0" errors="0" time="3.787" skipped="0" timestamp="2023-12-08 02:12:17" hostname="INTIKOM - DESKTOP-R1NH4Q4" id="Test Suites/Register Failed">
      <properties>
         <property name="deviceName" value=""/>
         <property name="devicePlatform" value=""/>
         <property name="logFolder" value="E:\\Users\\intikom\\Documents\\Karir Baru\\ESB\\Reports\\20231208_021213\\Register Failed\\20231208_021214"/>
         <property name="logFiles" value="E:\\Users\\intikom\\Documents\\Karir Baru\\ESB\\Reports\\20231208_021213\\Register Failed\\20231208_021214\\execution0.log"/>
         <property name="attachments" value=""/>
         <property name="hostName" value="INTIKOM - DESKTOP-R1NH4Q4"/>
         <property name="hostAddress" value="172.20.10.2"/>
         <property name="os" value="Windows 10 64bit"/>
         <property name="katalonVersion" value="8.6.5.208"/>
      </properties>
      <testcase name="Test Cases/Register Failed" time="3.394" classname="Test Cases/Register Failed" status="PASSED">
         <system-out><![CDATA[2023-12-08 02:12:18 - [TEST_CASE][PASSED] - Test Cases/Register Failed: Test Cases/Register Failed

2023-12-08 02:12:18 - [TEST_STEP][PASSED] - apiPost = findTestObject("Object Repository/Register Failed", ["email":email, "password":password]): null

2023-12-08 02:12:18 - [TEST_STEP][PASSED] - request = apiPost.getHttpBody(): null

2023-12-08 02:12:18 - [TEST_STEP][PASSED] - comment("Request Body" + request): Request Body{
  "email": "invalidemail.com"
}

2023-12-08 02:12:18 - [MESSAGE][INFO] - Request Body{
  "email": "invalidemail.com"
}

2023-12-08 02:12:18 - [TEST_STEP][PASSED] - response = sendRequest(apiPost): Send request successfully

2023-12-08 02:12:21 - [MESSAGE][INFO] - HAR: E:\Users\intikom\Documents\Karir Baru\ESB\Reports\20231208_021213\Register Failed\20231208_021214\requests\main\0.har

2023-12-08 02:12:21 - [MESSAGE][PASSED] - Send request successfully

2023-12-08 02:12:21 - [TEST_STEP][PASSED] - comment("Response Body:       " + response.getResponseText()): Response Body:       {"error":"Missing password"}

2023-12-08 02:12:21 - [MESSAGE][INFO] - Response Body:       {"error":"Missing password"}

2023-12-08 02:12:21 - [TEST_STEP][PASSED] - slurper = new groovy.json.JsonSlurper(): null

2023-12-08 02:12:21 - [TEST_STEP][PASSED] - parsedJson = slurper.parseText(response.getResponseText()): null

2023-12-08 02:12:21 - [TEST_STEP][PASSED] - statusCode = response.getStatusCode(): null

2023-12-08 02:12:21 - [TEST_STEP][PASSED] - assert statusCode != 200: null]]></system-out>
         <system-err><![CDATA[]]></system-err>
      </testcase>
      <system-out><![CDATA[2023-12-08 02:12:17 - [TEST_SUITE][PASSED] - Register Failed: Test Cases/Register Failed]]></system-out>
      <system-err><![CDATA[]]></system-err>
   </testsuite>
</testsuites>
